<?xml version="1.0" encoding="UTF-8"?>
<testng-results skipped="0" failed="0" total="1" passed="1">
  <reporter-output>
  </reporter-output>
  <suite name="Suite" duration-ms="15" started-at="2021-09-19T18:25:40Z" finished-at="2021-09-19T18:25:40Z">
    <groups>
    </groups>
    <test name="Test" duration-ms="15" started-at="2021-09-19T18:25:40Z" finished-at="2021-09-19T18:25:40Z">
      <class name="JenkinsTestGI.JenkinsTestAI.AppTest">
        <test-method status="PASS" signature="firstTest()[pri:0, instance:JenkinsTestGI.JenkinsTestAI.AppTest@4411d970]" name="firstTest" duration-ms="6" started-at="2021-09-19T23:55:40Z" finished-at="2021-09-19T23:55:40Z">
          <reporter-output>
          </reporter-output>
        </test-method> <!-- firstTest -->
      </class> <!-- JenkinsTestGI.JenkinsTestAI.AppTest -->
    </test> <!-- Test -->
  </suite> <!-- Suite -->
</testng-results>
